[debug] [2020-04-21T06:44:45.841Z] ----------------------------------------------------------------------
[debug] [2020-04-21T06:44:45.843Z] Command:       /usr/local/bin/node /usr/local/bin/firebase init
[debug] [2020-04-21T06:44:45.843Z] CLI Version:   8.1.1
[debug] [2020-04-21T06:44:45.843Z] Platform:      darwin
[debug] [2020-04-21T06:44:45.843Z] Node Version:  v12.16.1
[debug] [2020-04-21T06:44:45.844Z] Time:          Tue Apr 21 2020 01:44:45 GMT-0500 (Central Daylight Time)
[debug] [2020-04-21T06:44:45.844Z] ----------------------------------------------------------------------
[debug] [2020-04-21T06:44:45.844Z] 
[debug] [2020-04-21T06:44:45.851Z] > command requires scopes: ["email","openid","https://www.googleapis.com/auth/cloudplatformprojects.readonly","https://www.googleapis.com/auth/firebase","https://www.googleapis.com/auth/cloud-platform"]
[debug] [2020-04-21T06:44:45.851Z] > authorizing via signed-in user
[info] 
     ######## #### ########  ######## ########     ###     ######  ########
     ##        ##  ##     ## ##       ##     ##  ##   ##  ##       ##
     ######    ##  ########  ######   ########  #########  ######  ######
     ##        ##  ##    ##  ##       ##     ## ##     ##       ## ##
     ##       #### ##     ## ######## ########  ##     ##  ######  ########

You're about to initialize a Firebase project in this directory:

  /Users/laxmanbalaji/Desktop/COVID19/covidVisualizer/covidVisualizer

Before we get started, keep in mind:

  * You are initializing in an existing Firebase project directory

